<?xml version="1.0" encoding="UTF-8"?>
<!-- Generated by org.testng.reporters.JUnitReportReporter -->
<testsuite hostname="DESKTOP-L1F3TE2" failures="0" tests="1" name="DataDrivenTest.DataProvider2" time="5.001" errors="0" timestamp="2024-08-29T11:06:24 IST" skipped="0">
  <testcase classname="DataDrivenTest.DataProvider2" name="LoginwithValidCredentials" time="5.001"/>
</testsuite> <!-- DataDrivenTest.DataProvider2 -->
