<?xml version="1.0" encoding="UTF-8"?>
<!-- Generated by org.testng.reporters.JUnitReportReporter -->
<testsuite hostname="DESKTOP-L1F3TE2" failures="0" tests="1" name="com.organge.hrm.admin.JobTitles" time="17.275" errors="0" timestamp="2024-11-09T23:30:30 IST" skipped="0">
  <testcase classname="com.organge.hrm.admin.JobTitles" name="invalid_Test" time="17.275"/>
</testsuite> <!-- com.organge.hrm.admin.JobTitles -->
